Using pre-set license
Built from '2020.3/staging' branch; Version is '2020.3.5f1 (8095aa901b9b) revision 8426922'; Using compiler version '192528614'; Build Type 'Release'
OS: 'Windows 10 Education; OS build 18363.1500; Version 1909; 64bit' Language: 'en' Physical Memory: 16300 MB
BatchMode: 1, IsHumanControllingUs: 0, StartBugReporterOnCrash: 0, Is64bit: 1, IsPro: 0

 COMMAND LINE ARGUMENTS:
C:\Program Files\Unity\Hub\Editor\2020.3.5f1\Editor\Unity.exe
-adb2
-batchMode
-noUpm
-name
AssetImportWorker0
-projectPath
C:/2D_mobile_game analytics_2
-logFile
Logs/AssetImportWorker0.log
-srvPort
51868
Successfully changed project path to: C:/2D_mobile_game analytics_2
C:/2D_mobile_game analytics_2
Using Asset Import Pipeline V2.
Refreshing native plugins compatible for Editor in 46.15 ms, found 1 plugins.
Preloading 0 native plugins for Editor in 0.00 ms.
Initialize engine version: 2020.3.5f1 (8095aa901b9b)
[Subsystems] Discovering subsystems at path C:/Program Files/Unity/Hub/Editor/2020.3.5f1/Editor/Data/Resources/UnitySubsystems
[Subsystems] Discovering subsystems at path C:/2D_mobile_game analytics_2/Assets
GfxDevice: creating device client; threaded=0
Direct3D:
    Version:  Direct3D 11.0 [level 11.1]
    Renderer: NVIDIA GeForce GTX 980 (ID=0x13c0)
    Vendor:   
    VRAM:     4053 MB
    Driver:   27.21.14.6192
Initialize mono
Mono path[0] = 'C:/Program Files/Unity/Hub/Editor/2020.3.5f1/Editor/Data/Managed'
Mono path[1] = 'C:/Program Files/Unity/Hub/Editor/2020.3.5f1/Editor/Data/MonoBleedingEdge/lib/mono/unityjit'
Mono config path = 'C:/Program Files/Unity/Hub/Editor/2020.3.5f1/Editor/Data/MonoBleedingEdge/etc'
Using monoOptions --debugger-agent=transport=dt_socket,embedding=1,server=y,suspend=n,address=127.0.0.1:56912
Begin MonoManager ReloadAssembly
Registering precompiled unity dll's ...
Register platform support module: C:/Program Files/Unity/Hub/Editor/2020.3.5f1/Editor/Data/PlaybackEngines/WebGLSupport/UnityEditor.WebGL.Extensions.dll
Register platform support module: C:/Program Files/Unity/Hub/Editor/2020.3.5f1/Editor/Data/PlaybackEngines/WindowsStandaloneSupport/UnityEditor.WindowsStandalone.Extensions.dll
Registered in 0.001903 seconds.
Native extension for WindowsStandalone target not found
Native extension for WebGL target not found
Refreshing native plugins compatible for Editor in 37.11 ms, found 1 plugins.
Preloading 0 native plugins for Editor in 0.00 ms.
Mono: successfully reloaded assembly
- Completed reload, in  1.430 seconds
Platform modules already initialized, skipping
Registering precompiled user dll's ...
Registered in 0.004463 seconds.
Begin MonoManager ReloadAssembly
Native extension for WindowsStandalone target not found
Native extension for WebGL target not found
Refreshing native plugins compatible for Editor in 36.77 ms, found 1 plugins.
Preloading 0 native plugins for Editor in 0.00 ms.
Mono: successfully reloaded assembly
- Completed reload, in  0.821 seconds
Platform modules already initialized, skipping
========================================================================
Worker process is ready to serve import requests
Launched and connected shader compiler UnityShaderCompiler.exe after 0.03 seconds
Refreshing native plugins compatible for Editor in 0.69 ms, found 1 plugins.
Preloading 0 native plugins for Editor in 0.00 ms.
Unloading 2138 Unused Serialized files (Serialized files now loaded: 0)
System memory in use before: 94.3 MB.
System memory in use after: 94.4 MB.

Unloading 65 unused Assets to reduce memory usage. Loaded Objects now: 2551.
Total: 2.140000 ms (FindLiveObjects: 0.218300 ms CreateObjectMapping: 0.052000 ms MarkObjects: 1.809900 ms  DeleteObjects: 0.059100 ms)

========================================================================
Received Import Request.
  path: Assets/GeneratedLocalRepo
  artifactKey: Guid(7f1c5735c697f3a44b9f7961ff6738cf) Importer(815301076,1909f56bfc062723c751e8b465ee728b)
Start importing Assets/GeneratedLocalRepo using Guid(7f1c5735c697f3a44b9f7961ff6738cf) Importer(815301076,1909f56bfc062723c751e8b465ee728b)  -> (artifact id: 'fda1dc65c29c9abf4c60eb19741d07e8') in 0.017735 seconds
  Import took 0.023428 seconds .

========================================================================
Received Import Request.
  Time since last request: 2.266278 seconds.
  path: Assets/GeneratedLocalRepo/GooglePlayGames
  artifactKey: Guid(7e41f38bd43d79441a400be433007a3a) Importer(815301076,1909f56bfc062723c751e8b465ee728b)
Start importing Assets/GeneratedLocalRepo/GooglePlayGames using Guid(7e41f38bd43d79441a400be433007a3a) Importer(815301076,1909f56bfc062723c751e8b465ee728b)  -> (artifact id: 'e2defe466cbb00ee890bbdfb7de0c866') in 0.001928 seconds
  Import took 0.005668 seconds .

========================================================================
Received Import Request.
  Time since last request: 0.893521 seconds.
  path: Assets/GeneratedLocalRepo/GooglePlayGames/Editor
  artifactKey: Guid(2942da2aaf7fdf64b92e011935418f8d) Importer(815301076,1909f56bfc062723c751e8b465ee728b)
Start importing Assets/GeneratedLocalRepo/GooglePlayGames/Editor using Guid(2942da2aaf7fdf64b92e011935418f8d) Importer(815301076,1909f56bfc062723c751e8b465ee728b)  -> (artifact id: '285c244d5aa58dad4318d1b4333b2b27') in 0.005261 seconds
  Import took 0.012786 seconds .

========================================================================
Received Import Request.
  Time since last request: 1.343834 seconds.
  path: Assets/GeneratedLocalRepo/GooglePlayGames/Editor/m2repository
  artifactKey: Guid(8f3dbf5d2074964408bbf71025b7c478) Importer(815301076,1909f56bfc062723c751e8b465ee728b)
Start importing Assets/GeneratedLocalRepo/GooglePlayGames/Editor/m2repository using Guid(8f3dbf5d2074964408bbf71025b7c478) Importer(815301076,1909f56bfc062723c751e8b465ee728b)  -> (artifact id: '66dce352c4e3c28d97c3decc202a5ae2') in 0.005596 seconds
  Import took 0.009978 seconds .

========================================================================
Received Import Request.
  Time since last request: 6.001644 seconds.
  path: Assets/Game/sound
  artifactKey: Guid(61364e73a4efe9744a408ab383f9ca92) Importer(815301076,1909f56bfc062723c751e8b465ee728b)
Start importing Assets/Game/sound using Guid(61364e73a4efe9744a408ab383f9ca92) Importer(815301076,1909f56bfc062723c751e8b465ee728b)  -> (artifact id: '1881bb9d1d17e61f451dfed4a0e2b804') in 0.005907 seconds
  Import took 0.010271 seconds .

========================================================================
Received Prepare
Refreshing native plugins compatible for Editor in 11.97 ms, found 1 plugins.
Preloading 0 native plugins for Editor in 0.00 ms.
Unloading 52 Unused Serialized files (Serialized files now loaded: 0)
System memory in use before: 52.6 MB.
System memory in use after: 52.8 MB.

Unloading 51 unused Assets to reduce memory usage. Loaded Objects now: 2551.
Total: 1.864600 ms (FindLiveObjects: 0.230600 ms CreateObjectMapping: 0.046400 ms MarkObjects: 1.563800 ms  DeleteObjects: 0.022900 ms)

========================================================================
Received Prepare
Refreshing native plugins compatible for Editor in 12.19 ms, found 1 plugins.
Preloading 0 native plugins for Editor in 0.00 ms.
Unloading 52 Unused Serialized files (Serialized files now loaded: 0)
System memory in use before: 52.6 MB.
System memory in use after: 52.8 MB.

Unloading 51 unused Assets to reduce memory usage. Loaded Objects now: 2551.
Total: 2.430500 ms (FindLiveObjects: 0.304300 ms CreateObjectMapping: 0.053900 ms MarkObjects: 2.031900 ms  DeleteObjects: 0.038600 ms)

========================================================================
Received Prepare
Refreshing native plugins compatible for Editor in 12.98 ms, found 1 plugins.
Preloading 0 native plugins for Editor in 0.00 ms.
Unloading 52 Unused Serialized files (Serialized files now loaded: 0)
System memory in use before: 52.6 MB.
System memory in use after: 52.8 MB.

Unloading 51 unused Assets to reduce memory usage. Loaded Objects now: 2551.
Total: 2.131300 ms (FindLiveObjects: 0.242500 ms CreateObjectMapping: 0.049900 ms MarkObjects: 1.805100 ms  DeleteObjects: 0.032600 ms)

========================================================================
Received Prepare
Refreshing native plugins compatible for Editor in 11.64 ms, found 1 plugins.
Preloading 0 native plugins for Editor in 0.00 ms.
Unloading 52 Unused Serialized files (Serialized files now loaded: 0)
System memory in use before: 52.6 MB.
System memory in use after: 52.8 MB.

Unloading 51 unused Assets to reduce memory usage. Loaded Objects now: 2551.
Total: 1.868700 ms (FindLiveObjects: 0.212400 ms CreateObjectMapping: 0.047100 ms MarkObjects: 1.579900 ms  DeleteObjects: 0.028800 ms)

========================================================================
Received Prepare
Refreshing native plugins compatible for Editor in 12.65 ms, found 1 plugins.
Preloading 0 native plugins for Editor in 0.00 ms.
Unloading 52 Unused Serialized files (Serialized files now loaded: 0)
System memory in use before: 52.6 MB.
System memory in use after: 52.8 MB.

Unloading 51 unused Assets to reduce memory usage. Loaded Objects now: 2551.
Total: 18.606000 ms (FindLiveObjects: 0.441400 ms CreateObjectMapping: 0.052400 ms MarkObjects: 18.060400 ms  DeleteObjects: 0.048500 ms)

========================================================================
Received Prepare
Registering precompiled user dll's ...
Registered in 0.004706 seconds.
Begin MonoManager ReloadAssembly
Native extension for WindowsStandalone target not found
Native extension for WebGL target not found
Refreshing native plugins compatible for Editor in 0.73 ms, found 1 plugins.
Preloading 0 native plugins for Editor in 0.00 ms.
Mono: successfully reloaded assembly
- Completed reload, in  0.864 seconds
Platform modules already initialized, skipping
Switching build target platform(5) subTarget(0) extendedPlatform(0) -> platform(13) subTarget(537395200) extendedPlatform(0)
Refreshing native plugins compatible for Editor in 0.78 ms, found 1 plugins.
Preloading 0 native plugins for Editor in 0.00 ms.
Unloading 2132 Unused Serialized files (Serialized files now loaded: 0)
System memory in use before: 93.9 MB.
System memory in use after: 94.0 MB.

Unloading 54 unused Assets to reduce memory usage. Loaded Objects now: 2554.
Total: 2.397900 ms (FindLiveObjects: 0.208400 ms CreateObjectMapping: 0.047500 ms MarkObjects: 2.105700 ms  DeleteObjects: 0.035400 ms)

AssetImportParameters requested are different than current active one (requested -> active):
  custom:graphics/normal-map-encoding: 01000000000000000000000000000000 -> 02000000000000000000000000000000
========================================================================
Received Import Request.
  Time since last request: 55703.782005 seconds.
  path: Assets/NewBehaviourScript.cs
  artifactKey: Guid(04fe0999bc57f0f439e1699ce3a8b70e) Importer(815301076,1909f56bfc062723c751e8b465ee728b)
Start importing Assets/NewBehaviourScript.cs using Guid(04fe0999bc57f0f439e1699ce3a8b70e) Importer(815301076,1909f56bfc062723c751e8b465ee728b)  -> (artifact id: '92e59975def5d9762962311ee7a41052') in 0.035162 seconds
  Import took 0.039466 seconds .

========================================================================
Received Prepare
Registering precompiled user dll's ...
Registered in 0.005276 seconds.
Begin MonoManager ReloadAssembly
Native extension for WindowsStandalone target not found
Native extension for WebGL target not found
Refreshing native plugins compatible for Editor in 0.75 ms, found 1 plugins.
Preloading 0 native plugins for Editor in 0.00 ms.
Mono: successfully reloaded assembly
- Completed reload, in  0.783 seconds
Platform modules already initialized, skipping
Switching build target platform(5) subTarget(0) extendedPlatform(0) -> platform(13) subTarget(537395200) extendedPlatform(0)
Refreshing native plugins compatible for Editor in 0.87 ms, found 1 plugins.
Preloading 0 native plugins for Editor in 0.00 ms.
Unloading 2132 Unused Serialized files (Serialized files now loaded: 0)
System memory in use before: 93.9 MB.
System memory in use after: 94.1 MB.

Unloading 54 unused Assets to reduce memory usage. Loaded Objects now: 2557.
Total: 1.860600 ms (FindLiveObjects: 0.196600 ms CreateObjectMapping: 0.056000 ms MarkObjects: 1.587000 ms  DeleteObjects: 0.020000 ms)

AssetImportParameters requested are different than current active one (requested -> active):
  custom:graphics/normal-map-encoding: 01000000000000000000000000000000 -> 02000000000000000000000000000000
========================================================================
Received Import Request.
  Time since last request: 175.324552 seconds.
  path: Assets/Game/scripts/GPGSAchievements.cs
  artifactKey: Guid(bfacc4fdd69e3bc48923d37858b676b3) Importer(815301076,1909f56bfc062723c751e8b465ee728b)
Start importing Assets/Game/scripts/GPGSAchievements.cs using Guid(bfacc4fdd69e3bc48923d37858b676b3) Importer(815301076,1909f56bfc062723c751e8b465ee728b)  -> (artifact id: '860f24107f3c0bfdafb866c575fdab09') in 0.011287 seconds
  Import took 0.016436 seconds .

========================================================================
Received Import Request.
  Time since last request: 0.002504 seconds.
  path: Assets/Game/scripts/GPGSAchievements.cs
  artifactKey: Guid(bfacc4fdd69e3bc48923d37858b676b3) Importer(815301076,1909f56bfc062723c751e8b465ee728b)
Start importing Assets/Game/scripts/GPGSAchievements.cs using Guid(bfacc4fdd69e3bc48923d37858b676b3) Importer(815301076,1909f56bfc062723c751e8b465ee728b)  -> (artifact id: '860f24107f3c0bfdafb866c575fdab09') in 0.002477 seconds
  Import took 0.007221 seconds .

========================================================================
Received Prepare
Registering precompiled user dll's ...
Registered in 0.004523 seconds.
Begin MonoManager ReloadAssembly
Native extension for WindowsStandalone target not found
Native extension for WebGL target not found
Refreshing native plugins compatible for Editor in 0.74 ms, found 1 plugins.
Preloading 0 native plugins for Editor in 0.00 ms.
Mono: successfully reloaded assembly
- Completed reload, in  0.892 seconds
Platform modules already initialized, skipping
Switching build target platform(5) subTarget(0) extendedPlatform(0) -> platform(13) subTarget(537395200) extendedPlatform(0)
Refreshing native plugins compatible for Editor in 0.80 ms, found 1 plugins.
Preloading 0 native plugins for Editor in 0.00 ms.
Unloading 2133 Unused Serialized files (Serialized files now loaded: 0)
System memory in use before: 94.0 MB.
System memory in use after: 94.1 MB.

Unloading 54 unused Assets to reduce memory usage. Loaded Objects now: 2561.
Total: 2.122200 ms (FindLiveObjects: 0.302100 ms CreateObjectMapping: 0.045800 ms MarkObjects: 1.747100 ms  DeleteObjects: 0.026200 ms)

AssetImportParameters requested are different than current active one (requested -> active):
  custom:graphics/normal-map-encoding: 01000000000000000000000000000000 -> 02000000000000000000000000000000
========================================================================
Received Import Request.
  Time since last request: 150.064379 seconds.
  path: Assets/GPGSIds.cs
  artifactKey: Guid(6df3bfdbcc2e3d740b05e5e498506937) Importer(815301076,1909f56bfc062723c751e8b465ee728b)
Start importing Assets/GPGSIds.cs using Guid(6df3bfdbcc2e3d740b05e5e498506937) Importer(815301076,1909f56bfc062723c751e8b465ee728b)  -> (artifact id: '0babfa603ed318950e4ac4bef5c6c547') in 0.008540 seconds
  Import took 0.013217 seconds .

========================================================================
Received Import Request.
  Time since last request: 0.011600 seconds.
  path: Assets/GPGSIds.cs
  artifactKey: Guid(6df3bfdbcc2e3d740b05e5e498506937) Importer(815301076,1909f56bfc062723c751e8b465ee728b)
Start importing Assets/GPGSIds.cs using Guid(6df3bfdbcc2e3d740b05e5e498506937) Importer(815301076,1909f56bfc062723c751e8b465ee728b)  -> (artifact id: '0babfa603ed318950e4ac4bef5c6c547') in 0.002243 seconds
  Import took 0.005525 seconds .

========================================================================
Received Prepare
Registering precompiled user dll's ...
Registered in 0.004437 seconds.
Begin MonoManager ReloadAssembly
Native extension for WindowsStandalone target not found
Native extension for WebGL target not found
Refreshing native plugins compatible for Editor in 0.87 ms, found 1 plugins.
Preloading 0 native plugins for Editor in 0.00 ms.
Mono: successfully reloaded assembly
- Completed reload, in  0.788 seconds
Platform modules already initialized, skipping
Switching build target platform(5) subTarget(0) extendedPlatform(0) -> platform(13) subTarget(537395200) extendedPlatform(0)
Refreshing native plugins compatible for Editor in 0.99 ms, found 1 plugins.
Preloading 0 native plugins for Editor in 0.00 ms.
Unloading 2133 Unused Serialized files (Serialized files now loaded: 0)
System memory in use before: 94.0 MB.
System memory in use after: 94.1 MB.

Unloading 54 unused Assets to reduce memory usage. Loaded Objects now: 2564.
Total: 1.905600 ms (FindLiveObjects: 0.250000 ms CreateObjectMapping: 0.052200 ms MarkObjects: 1.580600 ms  DeleteObjects: 0.021800 ms)

AssetImportParameters requested are different than current active one (requested -> active):
  custom:graphics/normal-map-encoding: 01000000000000000000000000000000 -> 02000000000000000000000000000000
========================================================================
Received Import Request.
  Time since last request: 246.880352 seconds.
  path: Assets/Game/scripts/GPGSLeaderboard.cs
  artifactKey: Guid(825485a2e3df65245906664c3f500800) Importer(815301076,1909f56bfc062723c751e8b465ee728b)
Start importing Assets/Game/scripts/GPGSLeaderboard.cs using Guid(825485a2e3df65245906664c3f500800) Importer(815301076,1909f56bfc062723c751e8b465ee728b)  -> (artifact id: '5e4a335a9b17f462c61da85e40c4c812') in 0.010594 seconds
  Import took 0.014679 seconds .

========================================================================
Received Prepare
Registering precompiled user dll's ...
Registered in 0.004504 seconds.
Begin MonoManager ReloadAssembly
Native extension for WindowsStandalone target not found
Native extension for WebGL target not found
Refreshing native plugins compatible for Editor in 1.11 ms, found 1 plugins.
Preloading 0 native plugins for Editor in 0.00 ms.
Mono: successfully reloaded assembly
- Completed reload, in  0.851 seconds
Platform modules already initialized, skipping
Switching build target platform(5) subTarget(0) extendedPlatform(0) -> platform(13) subTarget(537395200) extendedPlatform(0)
Refreshing native plugins compatible for Editor in 0.85 ms, found 1 plugins.
Preloading 0 native plugins for Editor in 0.00 ms.
Unloading 2134 Unused Serialized files (Serialized files now loaded: 0)
System memory in use before: 94.0 MB.
System memory in use after: 94.1 MB.

Unloading 54 unused Assets to reduce memory usage. Loaded Objects now: 2568.
Total: 2.559500 ms (FindLiveObjects: 0.649100 ms CreateObjectMapping: 0.069700 ms MarkObjects: 1.803800 ms  DeleteObjects: 0.035300 ms)

AssetImportParameters requested are different than current active one (requested -> active):
  custom:graphics/normal-map-encoding: 01000000000000000000000000000000 -> 02000000000000000000000000000000
========================================================================
Received Prepare
Registering precompiled user dll's ...
Registered in 0.004762 seconds.
Begin MonoManager ReloadAssembly
Native extension for WindowsStandalone target not found
Native extension for WebGL target not found
Refreshing native plugins compatible for Editor in 0.74 ms, found 1 plugins.
Preloading 0 native plugins for Editor in 0.00 ms.
Mono: successfully reloaded assembly
- Completed reload, in  0.777 seconds
Platform modules already initialized, skipping
Switching build target platform(5) subTarget(0) extendedPlatform(0) -> platform(13) subTarget(537395200) extendedPlatform(0)
Refreshing native plugins compatible for Editor in 0.73 ms, found 1 plugins.
Preloading 0 native plugins for Editor in 0.00 ms.
Unloading 2134 Unused Serialized files (Serialized files now loaded: 0)
System memory in use before: 94.0 MB.
System memory in use after: 94.2 MB.

Unloading 54 unused Assets to reduce memory usage. Loaded Objects now: 2571.
Total: 1.782900 ms (FindLiveObjects: 0.203400 ms CreateObjectMapping: 0.047900 ms MarkObjects: 1.508900 ms  DeleteObjects: 0.022000 ms)

AssetImportParameters requested are different than current active one (requested -> active):
  custom:graphics/normal-map-encoding: 01000000000000000000000000000000 -> 02000000000000000000000000000000
========================================================================
Received Import Request.
  Time since last request: 420.997347 seconds.
  path: Assets/Game/scripts/GPGSLeaderboard.cs
  artifactKey: Guid(825485a2e3df65245906664c3f500800) Importer(815301076,1909f56bfc062723c751e8b465ee728b)
Start importing Assets/Game/scripts/GPGSLeaderboard.cs using Guid(825485a2e3df65245906664c3f500800) Importer(815301076,1909f56bfc062723c751e8b465ee728b)  -> (artifact id: 'b7570062496a04d43d61cba43fdfc525') in 0.005533 seconds
  Import took 0.009843 seconds .

========================================================================
Received Import Request.
  Time since last request: 0.007270 seconds.
  path: Assets/Game/scripts/GPGSLeaderboard.cs
  artifactKey: Guid(825485a2e3df65245906664c3f500800) Importer(815301076,1909f56bfc062723c751e8b465ee728b)
Start importing Assets/Game/scripts/GPGSLeaderboard.cs using Guid(825485a2e3df65245906664c3f500800) Importer(815301076,1909f56bfc062723c751e8b465ee728b)  -> (artifact id: 'b7570062496a04d43d61cba43fdfc525') in 0.002386 seconds
  Import took 0.006425 seconds .

========================================================================
Received Import Request.
  Time since last request: 10.520768 seconds.
  path: Assets/Game/scripts/GPSSSFA.cs
  artifactKey: Guid(d76b5fbf4de39114383b0240b970e03c) Importer(815301076,1909f56bfc062723c751e8b465ee728b)
Start importing Assets/Game/scripts/GPSSSFA.cs using Guid(d76b5fbf4de39114383b0240b970e03c) Importer(815301076,1909f56bfc062723c751e8b465ee728b)  -> (artifact id: '0b0857be8c4c7f6907f892d7876bd0f9') in 0.006036 seconds
  Import took 0.009887 seconds .

========================================================================
Received Prepare
Registering precompiled user dll's ...
Registered in 0.004540 seconds.
Begin MonoManager ReloadAssembly
Native extension for WindowsStandalone target not found
Native extension for WebGL target not found
Refreshing native plugins compatible for Editor in 0.83 ms, found 1 plugins.
Preloading 0 native plugins for Editor in 0.00 ms.
Mono: successfully reloaded assembly
- Completed reload, in  0.858 seconds
Platform modules already initialized, skipping
Switching build target platform(5) subTarget(0) extendedPlatform(0) -> platform(13) subTarget(537395200) extendedPlatform(0)
Refreshing native plugins compatible for Editor in 0.79 ms, found 1 plugins.
Preloading 0 native plugins for Editor in 0.00 ms.
Unloading 2135 Unused Serialized files (Serialized files now loaded: 0)
System memory in use before: 94.1 MB.
System memory in use after: 94.2 MB.

Unloading 54 unused Assets to reduce memory usage. Loaded Objects now: 2575.
Total: 2.132300 ms (FindLiveObjects: 0.261200 ms CreateObjectMapping: 0.060600 ms MarkObjects: 1.776900 ms  DeleteObjects: 0.032600 ms)

AssetImportParameters requested are different than current active one (requested -> active):
  custom:graphics/normal-map-encoding: 01000000000000000000000000000000 -> 02000000000000000000000000000000
========================================================================
Received Prepare
Registering precompiled user dll's ...
Registered in 0.004778 seconds.
Begin MonoManager ReloadAssembly
Native extension for WindowsStandalone target not found
Native extension for WebGL target not found
Refreshing native plugins compatible for Editor in 1.07 ms, found 1 plugins.
Preloading 0 native plugins for Editor in 0.00 ms.
Mono: successfully reloaded assembly
- Completed reload, in  0.941 seconds
Platform modules already initialized, skipping
Switching build target platform(5) subTarget(0) extendedPlatform(0) -> platform(13) subTarget(537395200) extendedPlatform(0)
Refreshing native plugins compatible for Editor in 0.76 ms, found 1 plugins.
Preloading 0 native plugins for Editor in 0.00 ms.
Unloading 2134 Unused Serialized files (Serialized files now loaded: 0)
System memory in use before: 94.1 MB.
System memory in use after: 94.2 MB.

Unloading 54 unused Assets to reduce memory usage. Loaded Objects now: 2578.
Total: 2.103200 ms (FindLiveObjects: 0.229200 ms CreateObjectMapping: 0.048800 ms MarkObjects: 1.793200 ms  DeleteObjects: 0.031000 ms)

AssetImportParameters requested are different than current active one (requested -> active):
  custom:graphics/normal-map-encoding: 01000000000000000000000000000000 -> 02000000000000000000000000000000
========================================================================
Received Import Request.
  Time since last request: 13.753091 seconds.
  path: Assets/Game/scripts/GPGSAuthenticator.cs
  artifactKey: Guid(73f740733adc4e744a713a81e8cac1cb) Importer(815301076,1909f56bfc062723c751e8b465ee728b)
Start importing Assets/Game/scripts/GPGSAuthenticator.cs using Guid(73f740733adc4e744a713a81e8cac1cb) Importer(815301076,1909f56bfc062723c751e8b465ee728b)  -> (artifact id: '1d45dd6d28626177940263082e3dfeff') in 0.009102 seconds
  Import took 0.013296 seconds .

========================================================================
Received Import Request.
  Time since last request: 0.016919 seconds.
  path: Assets/Game/scripts/GPGSAuthenticator.cs
  artifactKey: Guid(73f740733adc4e744a713a81e8cac1cb) Importer(815301076,1909f56bfc062723c751e8b465ee728b)
Start importing Assets/Game/scripts/GPGSAuthenticator.cs using Guid(73f740733adc4e744a713a81e8cac1cb) Importer(815301076,1909f56bfc062723c751e8b465ee728b)  -> (artifact id: '1d45dd6d28626177940263082e3dfeff') in 0.002183 seconds
  Import took 0.005297 seconds .

========================================================================
Received Import Request.
  Time since last request: 2.196143 seconds.
  path: Assets/Game/scripts/GPGSAchievements.cs
  artifactKey: Guid(bfacc4fdd69e3bc48923d37858b676b3) Importer(815301076,1909f56bfc062723c751e8b465ee728b)
Start importing Assets/Game/scripts/GPGSAchievements.cs using Guid(bfacc4fdd69e3bc48923d37858b676b3) Importer(815301076,1909f56bfc062723c751e8b465ee728b)  -> (artifact id: 'e305248ac86f3a5c8ae2db76420ef8e6') in 0.002332 seconds
  Import took 0.006307 seconds .

========================================================================
Received Import Request.
  Time since last request: 0.001434 seconds.
  path: Assets/Game/scripts/GPGSAchievements.cs
  artifactKey: Guid(bfacc4fdd69e3bc48923d37858b676b3) Importer(815301076,1909f56bfc062723c751e8b465ee728b)
Start importing Assets/Game/scripts/GPGSAchievements.cs using Guid(bfacc4fdd69e3bc48923d37858b676b3) Importer(815301076,1909f56bfc062723c751e8b465ee728b)  -> (artifact id: 'e305248ac86f3a5c8ae2db76420ef8e6') in 0.002001 seconds
  Import took 0.004737 seconds .

========================================================================
Received Import Request.
  Time since last request: 240.292574 seconds.
  path: Assets/Game/Scenes/MainMenu.unity
  artifactKey: Guid(e13c27611df24fd46bb29cf47a1574be) Importer(815301076,1909f56bfc062723c751e8b465ee728b)
Start importing Assets/Game/Scenes/MainMenu.unity using Guid(e13c27611df24fd46bb29cf47a1574be) Importer(815301076,1909f56bfc062723c751e8b465ee728b)  -> (artifact id: '8dddb5dea16864b39c9f963f68e5b76d') in 0.012255 seconds
  Import took 0.016641 seconds .

========================================================================
Received Import Request.
  Time since last request: 15.710539 seconds.
  path: Assets/Game/Scenes/SampleScene.unity
  artifactKey: Guid(2cda990e2423bbf4892e6590ba056729) Importer(815301076,1909f56bfc062723c751e8b465ee728b)
Start importing Assets/Game/Scenes/SampleScene.unity using Guid(2cda990e2423bbf4892e6590ba056729) Importer(815301076,1909f56bfc062723c751e8b465ee728b)  -> (artifact id: '9bc758bbdc6b5a91c0eda619a305a1ed') in 0.005472 seconds
  Import took 0.009920 seconds .

========================================================================
Received Import Request.
  Time since last request: 90.620726 seconds.
  path: Assets/Game/scripts/GameManager.cs
  artifactKey: Guid(19620fbbb0c4d36419a7badc413db65f) Importer(815301076,1909f56bfc062723c751e8b465ee728b)
Start importing Assets/Game/scripts/GameManager.cs using Guid(19620fbbb0c4d36419a7badc413db65f) Importer(815301076,1909f56bfc062723c751e8b465ee728b)  -> (artifact id: 'e94e7d1f83f8e4a78fab059db6b259b8') in 0.005114 seconds
  Import took 0.009521 seconds .

========================================================================
Received Prepare
Registering precompiled user dll's ...
Registered in 0.004464 seconds.
Begin MonoManager ReloadAssembly
Native extension for WindowsStandalone target not found
Native extension for WebGL target not found
Refreshing native plugins compatible for Editor in 0.73 ms, found 1 plugins.
Preloading 0 native plugins for Editor in 0.00 ms.
Mono: successfully reloaded assembly
- Completed reload, in  0.821 seconds
Platform modules already initialized, skipping
Switching build target platform(5) subTarget(0) extendedPlatform(0) -> platform(13) subTarget(537395200) extendedPlatform(0)
Refreshing native plugins compatible for Editor in 0.72 ms, found 1 plugins.
Preloading 0 native plugins for Editor in 0.00 ms.
Unloading 2134 Unused Serialized files (Serialized files now loaded: 0)
System memory in use before: 94.1 MB.
System memory in use after: 94.2 MB.

Unloading 54 unused Assets to reduce memory usage. Loaded Objects now: 2581.
Total: 1.903300 ms (FindLiveObjects: 0.241700 ms CreateObjectMapping: 0.051300 ms MarkObjects: 1.587100 ms  DeleteObjects: 0.022500 ms)

AssetImportParameters requested are different than current active one (requested -> active):
  custom:graphics/normal-map-encoding: 01000000000000000000000000000000 -> 02000000000000000000000000000000
========================================================================
Received Import Request.
  Time since last request: 56.356688 seconds.
  path: Assets/Game/scripts/GameManager.cs
  artifactKey: Guid(19620fbbb0c4d36419a7badc413db65f) Importer(815301076,1909f56bfc062723c751e8b465ee728b)
Start importing Assets/Game/scripts/GameManager.cs using Guid(19620fbbb0c4d36419a7badc413db65f) Importer(815301076,1909f56bfc062723c751e8b465ee728b)  -> (artifact id: '5904ccf67a418674890f8e684163eb14') in 0.004633 seconds
  Import took 0.008569 seconds .

========================================================================
Received Prepare
Registering precompiled user dll's ...
Registered in 0.005110 seconds.
Begin MonoManager ReloadAssembly
Native extension for WindowsStandalone target not found
Native extension for WebGL target not found
Refreshing native plugins compatible for Editor in 0.77 ms, found 1 plugins.
Preloading 0 native plugins for Editor in 0.00 ms.
Mono: successfully reloaded assembly
- Completed reload, in  0.832 seconds
Platform modules already initialized, skipping
Switching build target platform(5) subTarget(0) extendedPlatform(0) -> platform(13) subTarget(537395200) extendedPlatform(0)
Refreshing native plugins compatible for Editor in 0.74 ms, found 1 plugins.
Preloading 0 native plugins for Editor in 0.00 ms.
Unloading 2134 Unused Serialized files (Serialized files now loaded: 0)
System memory in use before: 94.1 MB.
System memory in use after: 94.2 MB.

Unloading 54 unused Assets to reduce memory usage. Loaded Objects now: 2584.
Total: 1.753300 ms (FindLiveObjects: 0.197900 ms CreateObjectMapping: 0.048200 ms MarkObjects: 1.486400 ms  DeleteObjects: 0.020100 ms)

AssetImportParameters requested are different than current active one (requested -> active):
  custom:graphics/normal-map-encoding: 01000000000000000000000000000000 -> 02000000000000000000000000000000
========================================================================
Received Prepare
Refreshing native plugins compatible for Editor in 11.79 ms, found 1 plugins.
Preloading 0 native plugins for Editor in 0.00 ms.
Unloading 52 Unused Serialized files (Serialized files now loaded: 0)
System memory in use before: 53.0 MB.
System memory in use after: 53.1 MB.

Unloading 51 unused Assets to reduce memory usage. Loaded Objects now: 2584.
Total: 1.850700 ms (FindLiveObjects: 0.231400 ms CreateObjectMapping: 0.048600 ms MarkObjects: 1.547000 ms  DeleteObjects: 0.021700 ms)

========================================================================
Received Prepare
Refreshing native plugins compatible for Editor in 12.51 ms, found 1 plugins.
Preloading 0 native plugins for Editor in 0.00 ms.
Unloading 52 Unused Serialized files (Serialized files now loaded: 0)
System memory in use before: 53.0 MB.
System memory in use after: 53.1 MB.

Unloading 51 unused Assets to reduce memory usage. Loaded Objects now: 2584.
Total: 2.218400 ms (FindLiveObjects: 0.259800 ms CreateObjectMapping: 0.055000 ms MarkObjects: 1.869900 ms  DeleteObjects: 0.032800 ms)

========================================================================
Received Prepare
Refreshing native plugins compatible for Editor in 11.53 ms, found 1 plugins.
Preloading 0 native plugins for Editor in 0.00 ms.
Unloading 52 Unused Serialized files (Serialized files now loaded: 0)
System memory in use before: 53.0 MB.
System memory in use after: 53.1 MB.

Unloading 51 unused Assets to reduce memory usage. Loaded Objects now: 2584.
Total: 2.127100 ms (FindLiveObjects: 0.216100 ms CreateObjectMapping: 0.052000 ms MarkObjects: 1.833700 ms  DeleteObjects: 0.024200 ms)

========================================================================
Received Import Request.
  Time since last request: 2830.564052 seconds.
  path: Assets/Game/Scenes/MainMenu.unity
  artifactKey: Guid(e13c27611df24fd46bb29cf47a1574be) Importer(815301076,1909f56bfc062723c751e8b465ee728b)
Start importing Assets/Game/Scenes/MainMenu.unity using Guid(e13c27611df24fd46bb29cf47a1574be) Importer(815301076,1909f56bfc062723c751e8b465ee728b)  -> (artifact id: 'd195afd77c4035337d9aae60dae6ceca') in 0.011317 seconds
  Import took 0.015039 seconds .

========================================================================
Received Prepare
Refreshing native plugins compatible for Editor in 11.83 ms, found 1 plugins.
Preloading 0 native plugins for Editor in 0.00 ms.
Unloading 52 Unused Serialized files (Serialized files now loaded: 0)
System memory in use before: 53.0 MB.
System memory in use after: 53.1 MB.

Unloading 51 unused Assets to reduce memory usage. Loaded Objects now: 2584.
Total: 2.531200 ms (FindLiveObjects: 0.241500 ms CreateObjectMapping: 0.099000 ms MarkObjects: 2.122500 ms  DeleteObjects: 0.067200 ms)

========================================================================
Received Prepare
Refreshing native plugins compatible for Editor in 13.18 ms, found 1 plugins.
Preloading 0 native plugins for Editor in 0.00 ms.
Unloading 52 Unused Serialized files (Serialized files now loaded: 0)
System memory in use before: 53.0 MB.
System memory in use after: 53.1 MB.

Unloading 51 unused Assets to reduce memory usage. Loaded Objects now: 2584.
Total: 2.813100 ms (FindLiveObjects: 0.237300 ms CreateObjectMapping: 0.048200 ms MarkObjects: 2.468500 ms  DeleteObjects: 0.057700 ms)

========================================================================
Received Import Request.
  Time since last request: 574.564021 seconds.
  path: Assets/Game/Scenes/SampleScene.unity
  artifactKey: Guid(2cda990e2423bbf4892e6590ba056729) Importer(815301076,1909f56bfc062723c751e8b465ee728b)
Start importing Assets/Game/Scenes/SampleScene.unity using Guid(2cda990e2423bbf4892e6590ba056729) Importer(815301076,1909f56bfc062723c751e8b465ee728b)  -> (artifact id: '729e4d1f72ed7ece5a70d4dd28bd7e68') in 0.002527 seconds
  Import took 0.007398 seconds .

========================================================================
Received Prepare
Refreshing native plugins compatible for Editor in 11.57 ms, found 1 plugins.
Preloading 0 native plugins for Editor in 0.00 ms.
Unloading 52 Unused Serialized files (Serialized files now loaded: 0)
System memory in use before: 53.0 MB.
System memory in use after: 53.2 MB.

Unloading 51 unused Assets to reduce memory usage. Loaded Objects now: 2584.
Total: 2.514500 ms (FindLiveObjects: 0.259300 ms CreateObjectMapping: 0.063800 ms MarkObjects: 2.162800 ms  DeleteObjects: 0.027700 ms)

========================================================================
Received Prepare
Refreshing native plugins compatible for Editor in 12.31 ms, found 1 plugins.
Preloading 0 native plugins for Editor in 0.00 ms.
Unloading 52 Unused Serialized files (Serialized files now loaded: 0)
System memory in use before: 53.0 MB.
System memory in use after: 53.2 MB.

Unloading 51 unused Assets to reduce memory usage. Loaded Objects now: 2584.
Total: 2.476900 ms (FindLiveObjects: 0.295100 ms CreateObjectMapping: 0.049900 ms MarkObjects: 2.104200 ms  DeleteObjects: 0.026500 ms)

========================================================================
Received Prepare
Refreshing native plugins compatible for Editor in 11.83 ms, found 1 plugins.
Preloading 0 native plugins for Editor in 0.00 ms.
Unloading 52 Unused Serialized files (Serialized files now loaded: 0)
System memory in use before: 53.0 MB.
System memory in use after: 53.2 MB.

Unloading 51 unused Assets to reduce memory usage. Loaded Objects now: 2584.
Total: 2.184700 ms (FindLiveObjects: 0.234400 ms CreateObjectMapping: 0.050300 ms MarkObjects: 1.875300 ms  DeleteObjects: 0.023800 ms)

========================================================================
Received Prepare
Registering precompiled user dll's ...
Registered in 0.004535 seconds.
Begin MonoManager ReloadAssembly
Native extension for WindowsStandalone target not found
Native extension for WebGL target not found
Refreshing native plugins compatible for Editor in 0.73 ms, found 1 plugins.
Preloading 0 native plugins for Editor in 0.00 ms.
Mono: successfully reloaded assembly
- Completed reload, in  0.898 seconds
Platform modules already initialized, skipping
Switching build target platform(5) subTarget(0) extendedPlatform(0) -> platform(13) subTarget(537395200) extendedPlatform(0)
Refreshing native plugins compatible for Editor in 0.77 ms, found 1 plugins.
Preloading 0 native plugins for Editor in 0.00 ms.
Unloading 2134 Unused Serialized files (Serialized files now loaded: 0)
System memory in use before: 94.1 MB.
System memory in use after: 94.2 MB.

Unloading 54 unused Assets to reduce memory usage. Loaded Objects now: 2587.
Total: 1.877100 ms (FindLiveObjects: 0.218400 ms CreateObjectMapping: 0.049600 ms MarkObjects: 1.584100 ms  DeleteObjects: 0.024100 ms)

AssetImportParameters requested are different than current active one (requested -> active):
  custom:graphics/normal-map-encoding: 01000000000000000000000000000000 -> 02000000000000000000000000000000
========================================================================
Received Prepare
Refreshing native plugins compatible for Editor in 13.57 ms, found 1 plugins.
Preloading 0 native plugins for Editor in 0.00 ms.
Unloading 52 Unused Serialized files (Serialized files now loaded: 0)
System memory in use before: 53.0 MB.
System memory in use after: 53.2 MB.

Unloading 51 unused Assets to reduce memory usage. Loaded Objects now: 2587.
Total: 2.485300 ms (FindLiveObjects: 0.609800 ms CreateObjectMapping: 0.070200 ms MarkObjects: 1.773000 ms  DeleteObjects: 0.030600 ms)

========================================================================
Received Import Request.
  Time since last request: 1169.594408 seconds.
  path: Assets/Game/scripts/GPGSAuthenticator.cs
  artifactKey: Guid(73f740733adc4e744a713a81e8cac1cb) Importer(815301076,1909f56bfc062723c751e8b465ee728b)
Start importing Assets/Game/scripts/GPGSAuthenticator.cs using Guid(73f740733adc4e744a713a81e8cac1cb) Importer(815301076,1909f56bfc062723c751e8b465ee728b)  -> (artifact id: '8e183e3f55a8e677106b49408ac992c8') in 0.006483 seconds
  Import took 0.010914 seconds .

========================================================================
Received Prepare
Registering precompiled user dll's ...
Registered in 0.004602 seconds.
Begin MonoManager ReloadAssembly
Native extension for WindowsStandalone target not found
Native extension for WebGL target not found
Refreshing native plugins compatible for Editor in 0.75 ms, found 1 plugins.
Preloading 0 native plugins for Editor in 0.00 ms.
Mono: successfully reloaded assembly
- Completed reload, in  0.845 seconds
Platform modules already initialized, skipping
Switching build target platform(5) subTarget(0) extendedPlatform(0) -> platform(13) subTarget(537395200) extendedPlatform(0)
Refreshing native plugins compatible for Editor in 1.11 ms, found 1 plugins.
Preloading 0 native plugins for Editor in 0.00 ms.
Unloading 2134 Unused Serialized files (Serialized files now loaded: 0)
System memory in use before: 94.1 MB.
System memory in use after: 94.2 MB.

Unloading 54 unused Assets to reduce memory usage. Loaded Objects now: 2590.
Total: 1.866300 ms (FindLiveObjects: 0.234800 ms CreateObjectMapping: 0.049600 ms MarkObjects: 1.557900 ms  DeleteObjects: 0.023100 ms)

AssetImportParameters requested are different than current active one (requested -> active):
  custom:graphics/normal-map-encoding: 01000000000000000000000000000000 -> 02000000000000000000000000000000
========================================================================
Received Import Request.
  Time since last request: 315.863879 seconds.
  path: Assets/Game/scripts/GPGSAuthenticator.cs
  artifactKey: Guid(73f740733adc4e744a713a81e8cac1cb) Importer(815301076,1909f56bfc062723c751e8b465ee728b)
Start importing Assets/Game/scripts/GPGSAuthenticator.cs using Guid(73f740733adc4e744a713a81e8cac1cb) Importer(815301076,1909f56bfc062723c751e8b465ee728b)  -> (artifact id: 'f74d69ef02602554b268ff0e55a7e61f') in 0.004697 seconds
  Import took 0.009015 seconds .

========================================================================
Received Prepare
Refreshing native plugins compatible for Editor in 12.08 ms, found 1 plugins.
Preloading 0 native plugins for Editor in 0.00 ms.
Unloading 52 Unused Serialized files (Serialized files now loaded: 0)
System memory in use before: 53.1 MB.
System memory in use after: 53.2 MB.

Unloading 51 unused Assets to reduce memory usage. Loaded Objects now: 2590.
Total: 1.846500 ms (FindLiveObjects: 0.263900 ms CreateObjectMapping: 0.047100 ms MarkObjects: 1.511700 ms  DeleteObjects: 0.022100 ms)

========================================================================
Received Prepare
Registering precompiled user dll's ...
Registered in 0.004339 seconds.
Begin MonoManager ReloadAssembly
Native extension for WindowsStandalone target not found
Native extension for WebGL target not found
Refreshing native plugins compatible for Editor in 0.74 ms, found 1 plugins.
Preloading 0 native plugins for Editor in 0.00 ms.
Mono: successfully reloaded assembly
- Completed reload, in  0.859 seconds
Platform modules already initialized, skipping
Switching build target platform(5) subTarget(0) extendedPlatform(0) -> platform(13) subTarget(537395200) extendedPlatform(0)
Refreshing native plugins compatible for Editor in 0.73 ms, found 1 plugins.
Preloading 0 native plugins for Editor in 0.00 ms.
Unloading 2134 Unused Serialized files (Serialized files now loaded: 0)
System memory in use before: 94.1 MB.
System memory in use after: 94.2 MB.

Unloading 54 unused Assets to reduce memory usage. Loaded Objects now: 2593.
Total: 1.816200 ms (FindLiveObjects: 0.217100 ms CreateObjectMapping: 0.048600 ms MarkObjects: 1.528700 ms  DeleteObjects: 0.020800 ms)

AssetImportParameters requested are different than current active one (requested -> active):
  custom:graphics/normal-map-encoding: 01000000000000000000000000000000 -> 02000000000000000000000000000000
========================================================================
Received Prepare
Refreshing native plugins compatible for Editor in 12.25 ms, found 1 plugins.
Preloading 0 native plugins for Editor in 0.00 ms.
Unloading 52 Unused Serialized files (Serialized files now loaded: 0)
System memory in use before: 53.1 MB.
System memory in use after: 53.2 MB.

Unloading 51 unused Assets to reduce memory usage. Loaded Objects now: 2593.
Total: 2.852600 ms (FindLiveObjects: 0.274400 ms CreateObjectMapping: 0.049900 ms MarkObjects: 2.479700 ms  DeleteObjects: 0.046900 ms)

========================================================================
Received Prepare
Registering precompiled user dll's ...
Registered in 0.006235 seconds.
Begin MonoManager ReloadAssembly
Native extension for WindowsStandalone target not found
Native extension for WebGL target not found
Refreshing native plugins compatible for Editor in 0.78 ms, found 1 plugins.
Preloading 0 native plugins for Editor in 0.00 ms.
Mono: successfully reloaded assembly
- Completed reload, in  0.854 seconds
Platform modules already initialized, skipping
Switching build target platform(5) subTarget(0) extendedPlatform(0) -> platform(13) subTarget(537395200) extendedPlatform(0)
Refreshing native plugins compatible for Editor in 0.74 ms, found 1 plugins.
Preloading 0 native plugins for Editor in 0.00 ms.
Unloading 2134 Unused Serialized files (Serialized files now loaded: 0)
System memory in use before: 94.1 MB.
System memory in use after: 94.3 MB.

Unloading 54 unused Assets to reduce memory usage. Loaded Objects now: 2596.
Total: 1.846500 ms (FindLiveObjects: 0.214100 ms CreateObjectMapping: 0.048600 ms MarkObjects: 1.562800 ms  DeleteObjects: 0.020000 ms)

AssetImportParameters requested are different than current active one (requested -> active):
  custom:graphics/normal-map-encoding: 01000000000000000000000000000000 -> 02000000000000000000000000000000
========================================================================
Received Prepare
Registering precompiled user dll's ...
Registered in 0.004509 seconds.
Begin MonoManager ReloadAssembly
Native extension for WindowsStandalone target not found
Native extension for WebGL target not found
Refreshing native plugins compatible for Editor in 0.75 ms, found 1 plugins.
Preloading 0 native plugins for Editor in 0.00 ms.
Mono: successfully reloaded assembly
- Completed reload, in  0.834 seconds
Platform modules already initialized, skipping
Switching build target platform(5) subTarget(0) extendedPlatform(0) -> platform(13) subTarget(537395200) extendedPlatform(0)
Refreshing native plugins compatible for Editor in 0.75 ms, found 1 plugins.
Preloading 0 native plugins for Editor in 0.00 ms.
Unloading 2134 Unused Serialized files (Serialized files now loaded: 0)
System memory in use before: 94.2 MB.
System memory in use after: 94.3 MB.

Unloading 54 unused Assets to reduce memory usage. Loaded Objects now: 2599.
Total: 1.976300 ms (FindLiveObjects: 0.213100 ms CreateObjectMapping: 0.049200 ms MarkObjects: 1.681900 ms  DeleteObjects: 0.031000 ms)

AssetImportParameters requested are different than current active one (requested -> active):
  custom:graphics/normal-map-encoding: 01000000000000000000000000000000 -> 02000000000000000000000000000000
========================================================================
Received Prepare
Refreshing native plugins compatible for Editor in 11.76 ms, found 1 plugins.
Preloading 0 native plugins for Editor in 0.00 ms.
Unloading 52 Unused Serialized files (Serialized files now loaded: 0)
System memory in use before: 53.1 MB.
System memory in use after: 53.2 MB.

Unloading 51 unused Assets to reduce memory usage. Loaded Objects now: 2599.
Total: 2.153800 ms (FindLiveObjects: 0.212900 ms CreateObjectMapping: 0.048600 ms MarkObjects: 1.862300 ms  DeleteObjects: 0.028900 ms)

========================================================================
Received Prepare
Refreshing native plugins compatible for Editor in 12.13 ms, found 1 plugins.
Preloading 0 native plugins for Editor in 0.00 ms.
Unloading 52 Unused Serialized files (Serialized files now loaded: 0)
System memory in use before: 53.1 MB.
System memory in use after: 53.2 MB.

Unloading 51 unused Assets to reduce memory usage. Loaded Objects now: 2599.
Total: 2.388800 ms (FindLiveObjects: 0.251000 ms CreateObjectMapping: 0.051300 ms MarkObjects: 2.053500 ms  DeleteObjects: 0.031400 ms)

========================================================================
Received Import Request.
  Time since last request: 659.368836 seconds.
  path: Assets/Game/scripts/GPGSAuthenticator.cs
  artifactKey: Guid(73f740733adc4e744a713a81e8cac1cb) Importer(815301076,1909f56bfc062723c751e8b465ee728b)
Start importing Assets/Game/scripts/GPGSAuthenticator.cs using Guid(73f740733adc4e744a713a81e8cac1cb) Importer(815301076,1909f56bfc062723c751e8b465ee728b)  -> (artifact id: 'c4f5735668d4fadc3b4e1b78b4502f05') in 0.002784 seconds
  Import took 0.007017 seconds .

========================================================================
Received Import Request.
  Time since last request: 0.000584 seconds.
  path: Assets/Game/scripts/GPGSAuthenticator.cs
  artifactKey: Guid(73f740733adc4e744a713a81e8cac1cb) Importer(815301076,1909f56bfc062723c751e8b465ee728b)
Start importing Assets/Game/scripts/GPGSAuthenticator.cs using Guid(73f740733adc4e744a713a81e8cac1cb) Importer(815301076,1909f56bfc062723c751e8b465ee728b)  -> (artifact id: 'c4f5735668d4fadc3b4e1b78b4502f05') in 0.001979 seconds
  Import took 0.005432 seconds .

========================================================================
Received Prepare
Registering precompiled user dll's ...
Registered in 0.004856 seconds.
Begin MonoManager ReloadAssembly
Native extension for WindowsStandalone target not found
Native extension for WebGL target not found
Refreshing native plugins compatible for Editor in 0.79 ms, found 1 plugins.
Preloading 0 native plugins for Editor in 0.00 ms.
Mono: successfully reloaded assembly
- Completed reload, in  0.842 seconds
Platform modules already initialized, skipping
Switching build target platform(5) subTarget(0) extendedPlatform(0) -> platform(13) subTarget(537395200) extendedPlatform(0)
Refreshing native plugins compatible for Editor in 0.74 ms, found 1 plugins.
Preloading 0 native plugins for Editor in 0.00 ms.
Unloading 2134 Unused Serialized files (Serialized files now loaded: 0)
System memory in use before: 94.2 MB.
System memory in use after: 94.3 MB.

Unloading 54 unused Assets to reduce memory usage. Loaded Objects now: 2602.
Total: 1.819800 ms (FindLiveObjects: 0.199400 ms CreateObjectMapping: 0.049700 ms MarkObjects: 1.548400 ms  DeleteObjects: 0.021500 ms)

AssetImportParameters requested are different than current active one (requested -> active):
  custom:graphics/normal-map-encoding: 01000000000000000000000000000000 -> 02000000000000000000000000000000
========================================================================
Received Import Request.
  Time since last request: 16.116990 seconds.
  path: Assets/Game/scripts/GPGSAuthenticator.cs
  artifactKey: Guid(73f740733adc4e744a713a81e8cac1cb) Importer(815301076,1909f56bfc062723c751e8b465ee728b)
Start importing Assets/Game/scripts/GPGSAuthenticator.cs using Guid(73f740733adc4e744a713a81e8cac1cb) Importer(815301076,1909f56bfc062723c751e8b465ee728b)  -> (artifact id: '5903d391e98a43926ce7009db80846e6') in 0.004284 seconds
  Import took 0.008227 seconds .

========================================================================
Received Prepare
Refreshing native plugins compatible for Editor in 12.77 ms, found 1 plugins.
Preloading 0 native plugins for Editor in 0.00 ms.
Unloading 52 Unused Serialized files (Serialized files now loaded: 0)
System memory in use before: 53.1 MB.
System memory in use after: 53.2 MB.

Unloading 51 unused Assets to reduce memory usage. Loaded Objects now: 2602.
Total: 2.036000 ms (FindLiveObjects: 0.238500 ms CreateObjectMapping: 0.048900 ms MarkObjects: 1.718100 ms  DeleteObjects: 0.029000 ms)

========================================================================
Received Import Request.
  Time since last request: 101.115947 seconds.
  path: Assets/Game/scripts/GPGSLeaderboard.cs
  artifactKey: Guid(825485a2e3df65245906664c3f500800) Importer(815301076,1909f56bfc062723c751e8b465ee728b)
Start importing Assets/Game/scripts/GPGSLeaderboard.cs using Guid(825485a2e3df65245906664c3f500800) Importer(815301076,1909f56bfc062723c751e8b465ee728b)  -> (artifact id: '36bf8478f5486ee1297d4b0fad092770') in 0.005644 seconds
  Import took 0.010207 seconds .

========================================================================
Received Prepare
Registering precompiled user dll's ...
Registered in 0.005235 seconds.
Begin MonoManager ReloadAssembly
Native extension for WindowsStandalone target not found
Native extension for WebGL target not found
Refreshing native plugins compatible for Editor in 0.77 ms, found 1 plugins.
Preloading 0 native plugins for Editor in 0.00 ms.
Mono: successfully reloaded assembly
- Completed reload, in  0.910 seconds
Platform modules already initialized, skipping
Switching build target platform(5) subTarget(0) extendedPlatform(0) -> platform(13) subTarget(537395200) extendedPlatform(0)
Refreshing native plugins compatible for Editor in 0.76 ms, found 1 plugins.
Preloading 0 native plugins for Editor in 0.00 ms.
Unloading 2134 Unused Serialized files (Serialized files now loaded: 0)
System memory in use before: 94.2 MB.
System memory in use after: 94.3 MB.

Unloading 54 unused Assets to reduce memory usage. Loaded Objects now: 2605.
Total: 1.824700 ms (FindLiveObjects: 0.211400 ms CreateObjectMapping: 0.049200 ms MarkObjects: 1.541300 ms  DeleteObjects: 0.022100 ms)

AssetImportParameters requested are different than current active one (requested -> active):
  custom:graphics/normal-map-encoding: 01000000000000000000000000000000 -> 02000000000000000000000000000000
========================================================================
Received Import Request.
  Time since last request: 33.145380 seconds.
  path: Assets/Game/scripts/GPGSAuthenticator.cs
  artifactKey: Guid(73f740733adc4e744a713a81e8cac1cb) Importer(815301076,1909f56bfc062723c751e8b465ee728b)
Start importing Assets/Game/scripts/GPGSAuthenticator.cs using Guid(73f740733adc4e744a713a81e8cac1cb) Importer(815301076,1909f56bfc062723c751e8b465ee728b)  -> (artifact id: '2c268e9526e628fd61e6ef893a42814a') in 0.004285 seconds
  Import took 0.007958 seconds .

========================================================================
Received Prepare
Refreshing native plugins compatible for Editor in 11.92 ms, found 1 plugins.
Preloading 0 native plugins for Editor in 0.00 ms.
Unloading 52 Unused Serialized files (Serialized files now loaded: 0)
System memory in use before: 53.1 MB.
System memory in use after: 53.2 MB.

Unloading 51 unused Assets to reduce memory usage. Loaded Objects now: 2605.
Total: 2.057500 ms (FindLiveObjects: 0.229500 ms CreateObjectMapping: 0.048300 ms MarkObjects: 1.747300 ms  DeleteObjects: 0.031500 ms)

========================================================================
Received Prepare
Registering precompiled user dll's ...
Registered in 0.004380 seconds.
Begin MonoManager ReloadAssembly
Native extension for WindowsStandalone target not found
Native extension for WebGL target not found
Refreshing native plugins compatible for Editor in 0.73 ms, found 1 plugins.
Preloading 0 native plugins for Editor in 0.00 ms.
Mono: successfully reloaded assembly
- Completed reload, in  0.879 seconds
Platform modules already initialized, skipping
Switching build target platform(5) subTarget(0) extendedPlatform(0) -> platform(13) subTarget(537395200) extendedPlatform(0)
Refreshing native plugins compatible for Editor in 0.73 ms, found 1 plugins.
Preloading 0 native plugins for Editor in 0.00 ms.
Unloading 2134 Unused Serialized files (Serialized files now loaded: 0)
System memory in use before: 94.2 MB.
System memory in use after: 94.3 MB.

Unloading 54 unused Assets to reduce memory usage. Loaded Objects now: 2608.
Total: 1.805600 ms (FindLiveObjects: 0.216600 ms CreateObjectMapping: 0.049900 ms MarkObjects: 1.517400 ms  DeleteObjects: 0.020600 ms)

AssetImportParameters requested are different than current active one (requested -> active):
  custom:graphics/normal-map-encoding: 01000000000000000000000000000000 -> 02000000000000000000000000000000
========================================================================
Received Prepare
Refreshing native plugins compatible for Editor in 11.76 ms, found 1 plugins.
Preloading 0 native plugins for Editor in 0.00 ms.
Unloading 52 Unused Serialized files (Serialized files now loaded: 0)
System memory in use before: 53.1 MB.
System memory in use after: 53.2 MB.

Unloading 51 unused Assets to reduce memory usage. Loaded Objects now: 2608.
Total: 1.778000 ms (FindLiveObjects: 0.221500 ms CreateObjectMapping: 0.047900 ms MarkObjects: 1.483000 ms  DeleteObjects: 0.024400 ms)

========================================================================
Received Prepare
Refreshing native plugins compatible for Editor in 11.96 ms, found 1 plugins.
Preloading 0 native plugins for Editor in 0.00 ms.
Unloading 52 Unused Serialized files (Serialized files now loaded: 0)
System memory in use before: 53.1 MB.
System memory in use after: 53.2 MB.

Unloading 51 unused Assets to reduce memory usage. Loaded Objects now: 2608.
Total: 2.002500 ms (FindLiveObjects: 0.231800 ms CreateObjectMapping: 0.048100 ms MarkObjects: 1.686900 ms  DeleteObjects: 0.034500 ms)

========================================================================
Received Import Request.
  Time since last request: 442.670543 seconds.
  path: Assets/Game/scripts/Bullet.cs
  artifactKey: Guid(119e92f5fa4043a43b19a5c2f1146d4f) Importer(815301076,1909f56bfc062723c751e8b465ee728b)
Start importing Assets/Game/scripts/Bullet.cs using Guid(119e92f5fa4043a43b19a5c2f1146d4f) Importer(815301076,1909f56bfc062723c751e8b465ee728b)  -> (artifact id: '5c4b4791b5f15c23c6d73fe880dce38e') in 0.006603 seconds
  Import took 0.010528 seconds .

========================================================================
Received Import Request.
  Time since last request: 0.779379 seconds.
  path: Assets/Game/scripts/CollisionDetection.cs
  artifactKey: Guid(cb777410bfd13e44fab13b0caf5e18fb) Importer(815301076,1909f56bfc062723c751e8b465ee728b)
Start importing Assets/Game/scripts/CollisionDetection.cs using Guid(cb777410bfd13e44fab13b0caf5e18fb) Importer(815301076,1909f56bfc062723c751e8b465ee728b)  -> (artifact id: '004af0e75f3e276290f1e6ca61d3b69b') in 0.006325 seconds
  Import took 0.009948 seconds .

========================================================================
Received Import Request.
  Time since last request: 0.652803 seconds.
  path: Assets/Game/scripts/GPGSAchievements.cs
  artifactKey: Guid(bfacc4fdd69e3bc48923d37858b676b3) Importer(815301076,1909f56bfc062723c751e8b465ee728b)
Start importing Assets/Game/scripts/GPGSAchievements.cs using Guid(bfacc4fdd69e3bc48923d37858b676b3) Importer(815301076,1909f56bfc062723c751e8b465ee728b)  -> (artifact id: 'ff28331f0a5cbfa5a141a2ef8ccffac1') in 0.006272 seconds
  Import took 0.009797 seconds .

========================================================================
Received Import Request.
  Time since last request: 0.705014 seconds.
  path: Assets/Game/scripts/GPGSAuthenticator.cs
  artifactKey: Guid(73f740733adc4e744a713a81e8cac1cb) Importer(815301076,1909f56bfc062723c751e8b465ee728b)
Start importing Assets/Game/scripts/GPGSAuthenticator.cs using Guid(73f740733adc4e744a713a81e8cac1cb) Importer(815301076,1909f56bfc062723c751e8b465ee728b)  -> (artifact id: '0a62dcf6c55be3784fa1315bfb77d562') in 0.001994 seconds
  Import took 0.006193 seconds .

========================================================================
Received Import Request.
  Time since last request: 0.000770 seconds.
  path: Assets/Game/scripts/GPGSAuthenticator.cs
  artifactKey: Guid(73f740733adc4e744a713a81e8cac1cb) Importer(815301076,1909f56bfc062723c751e8b465ee728b)
Start importing Assets/Game/scripts/GPGSAuthenticator.cs using Guid(73f740733adc4e744a713a81e8cac1cb) Importer(815301076,1909f56bfc062723c751e8b465ee728b)  -> (artifact id: '0a62dcf6c55be3784fa1315bfb77d562') in 0.002165 seconds
  Import took 0.005256 seconds .

========================================================================
Received Import Request.
  Time since last request: 0.485588 seconds.
  path: Assets/Game/scripts/GameManager.cs
  artifactKey: Guid(19620fbbb0c4d36419a7badc413db65f) Importer(815301076,1909f56bfc062723c751e8b465ee728b)
Start importing Assets/Game/scripts/GameManager.cs using Guid(19620fbbb0c4d36419a7badc413db65f) Importer(815301076,1909f56bfc062723c751e8b465ee728b)  -> (artifact id: '1c814a3776299e54c755d40616f7df6d') in 0.005524 seconds
  Import took 0.009470 seconds .

========================================================================
Received Prepare
Registering precompiled user dll's ...
Registered in 0.004381 seconds.
Begin MonoManager ReloadAssembly
Native extension for WindowsStandalone target not found
Native extension for WebGL target not found
Refreshing native plugins compatible for Editor in 0.92 ms, found 1 plugins.
Preloading 0 native plugins for Editor in 0.00 ms.
Mono: successfully reloaded assembly
- Completed reload, in  0.870 seconds
Platform modules already initialized, skipping
Switching build target platform(5) subTarget(0) extendedPlatform(0) -> platform(13) subTarget(537395200) extendedPlatform(0)
Refreshing native plugins compatible for Editor in 0.73 ms, found 1 plugins.
Preloading 0 native plugins for Editor in 0.00 ms.
Unloading 2134 Unused Serialized files (Serialized files now loaded: 0)
System memory in use before: 94.2 MB.
System memory in use after: 94.3 MB.

Unloading 54 unused Assets to reduce memory usage. Loaded Objects now: 2611.
Total: 1.871400 ms (FindLiveObjects: 0.218000 ms CreateObjectMapping: 0.059100 ms MarkObjects: 1.569400 ms  DeleteObjects: 0.023700 ms)

AssetImportParameters requested are different than current active one (requested -> active):
  custom:graphics/normal-map-encoding: 01000000000000000000000000000000 -> 02000000000000000000000000000000
========================================================================
Received Prepare
Refreshing native plugins compatible for Editor in 12.93 ms, found 1 plugins.
Preloading 0 native plugins for Editor in 0.00 ms.
Unloading 52 Unused Serialized files (Serialized files now loaded: 0)
System memory in use before: 53.1 MB.
System memory in use after: 53.2 MB.

Unloading 51 unused Assets to reduce memory usage. Loaded Objects now: 2611.
Total: 2.242800 ms (FindLiveObjects: 0.244200 ms CreateObjectMapping: 0.054000 ms MarkObjects: 1.905100 ms  DeleteObjects: 0.038400 ms)

========================================================================
Received Prepare
Refreshing native plugins compatible for Editor in 11.55 ms, found 1 plugins.
Preloading 0 native plugins for Editor in 0.00 ms.
Unloading 52 Unused Serialized files (Serialized files now loaded: 0)
System memory in use before: 53.1 MB.
System memory in use after: 53.2 MB.

Unloading 51 unused Assets to reduce memory usage. Loaded Objects now: 2611.
Total: 2.248300 ms (FindLiveObjects: 0.235100 ms CreateObjectMapping: 0.049900 ms MarkObjects: 1.930400 ms  DeleteObjects: 0.031800 ms)

========================================================================
Received Import Request.
  Time since last request: 474.915849 seconds.
  path: Assets/GooglePlayGames/GameInfo.cs
  artifactKey: Guid(a722d413080904cc1bd07f4db21e1af1) Importer(815301076,1909f56bfc062723c751e8b465ee728b)
Start importing Assets/GooglePlayGames/GameInfo.cs using Guid(a722d413080904cc1bd07f4db21e1af1) Importer(815301076,1909f56bfc062723c751e8b465ee728b)  -> (artifact id: '27dd8a533d90fd827d52b8beecb4ee84') in 0.007158 seconds
  Import took 0.011460 seconds .

========================================================================
Received Import Request.
  Time since last request: 0.013849 seconds.
  path: Assets/GooglePlayGames/GameInfo.cs
  artifactKey: Guid(a722d413080904cc1bd07f4db21e1af1) Importer(815301076,1909f56bfc062723c751e8b465ee728b)
Start importing Assets/GooglePlayGames/GameInfo.cs using Guid(a722d413080904cc1bd07f4db21e1af1) Importer(815301076,1909f56bfc062723c751e8b465ee728b)  -> (artifact id: '27dd8a533d90fd827d52b8beecb4ee84') in 0.001783 seconds
  Import took 0.004831 seconds .

========================================================================
Received Import Request.
  Time since last request: 0.432843 seconds.
  path: Assets/GooglePlayGames/PluginVersion.cs
  artifactKey: Guid(4539142948daf4a26bf9cd6870ffa0b2) Importer(815301076,1909f56bfc062723c751e8b465ee728b)
Start importing Assets/GooglePlayGames/PluginVersion.cs using Guid(4539142948daf4a26bf9cd6870ffa0b2) Importer(815301076,1909f56bfc062723c751e8b465ee728b)  -> (artifact id: '826dd8150b77bee70db47783ec163c82') in 0.005596 seconds
  Import took 0.009633 seconds .

========================================================================
Received Prepare
Refreshing native plugins compatible for Editor in 11.99 ms, found 1 plugins.
Preloading 0 native plugins for Editor in 0.00 ms.
Unloading 52 Unused Serialized files (Serialized files now loaded: 0)
System memory in use before: 53.1 MB.
System memory in use after: 53.2 MB.

Unloading 51 unused Assets to reduce memory usage. Loaded Objects now: 2611.
Total: 2.285000 ms (FindLiveObjects: 0.228000 ms CreateObjectMapping: 0.049400 ms MarkObjects: 1.973800 ms  DeleteObjects: 0.032700 ms)

========================================================================
Received Prepare
Refreshing native plugins compatible for Editor in 11.52 ms, found 1 plugins.
Preloading 0 native plugins for Editor in 0.00 ms.
Unloading 52 Unused Serialized files (Serialized files now loaded: 0)
System memory in use before: 53.1 MB.
System memory in use after: 53.2 MB.

Unloading 51 unused Assets to reduce memory usage. Loaded Objects now: 2611.
Total: 2.316600 ms (FindLiveObjects: 0.235900 ms CreateObjectMapping: 0.055300 ms MarkObjects: 1.993700 ms  DeleteObjects: 0.030100 ms)

========================================================================
Received Prepare
Refreshing native plugins compatible for Editor in 11.78 ms, found 1 plugins.
Preloading 0 native plugins for Editor in 0.00 ms.
Unloading 52 Unused Serialized files (Serialized files now loaded: 0)
System memory in use before: 53.1 MB.
System memory in use after: 53.2 MB.

Unloading 51 unused Assets to reduce memory usage. Loaded Objects now: 2611.
Total: 2.317400 ms (FindLiveObjects: 0.256200 ms CreateObjectMapping: 0.059000 ms MarkObjects: 1.969400 ms  DeleteObjects: 0.031800 ms)

========================================================================
Received Prepare
Registering precompiled user dll's ...
Registered in 0.004863 seconds.
Begin MonoManager ReloadAssembly
Native extension for WindowsStandalone target not found
Native extension for WebGL target not found
Refreshing native plugins compatible for Editor in 1.37 ms, found 1 plugins.
Preloading 0 native plugins for Editor in 0.00 ms.
Mono: successfully reloaded assembly
- Completed reload, in  2.038 seconds
Platform modules already initialized, skipping
Switching build target platform(5) subTarget(0) extendedPlatform(0) -> platform(13) subTarget(537395200) extendedPlatform(0)
Refreshing native plugins compatible for Editor in 1.54 ms, found 1 plugins.
Preloading 0 native plugins for Editor in 0.00 ms.
Unloading 2134 Unused Serialized files (Serialized files now loaded: 0)
System memory in use before: 94.2 MB.
System memory in use after: 94.3 MB.

Unloading 54 unused Assets to reduce memory usage. Loaded Objects now: 2614.
Total: 8.211000 ms (FindLiveObjects: 0.386100 ms CreateObjectMapping: 0.064500 ms MarkObjects: 7.709700 ms  DeleteObjects: 0.049000 ms)

AssetImportParameters requested are different than current active one (requested -> active):
  custom:graphics/normal-map-encoding: 01000000000000000000000000000000 -> 02000000000000000000000000000000
========================================================================
Received Prepare
Registering precompiled user dll's ...
Registered in 0.004663 seconds.
Begin MonoManager ReloadAssembly
Native extension for WindowsStandalone target not found
Native extension for WebGL target not found
Refreshing native plugins compatible for Editor in 0.74 ms, found 1 plugins.
Preloading 0 native plugins for Editor in 0.00 ms.
Mono: successfully reloaded assembly
- Completed reload, in  0.878 seconds
Platform modules already initialized, skipping
Switching build target platform(5) subTarget(0) extendedPlatform(0) -> platform(13) subTarget(537395200) extendedPlatform(0)
Refreshing native plugins compatible for Editor in 0.75 ms, found 1 plugins.
Preloading 0 native plugins for Editor in 0.00 ms.
Unloading 2134 Unused Serialized files (Serialized files now loaded: 0)
System memory in use before: 94.2 MB.
System memory in use after: 94.3 MB.

Unloading 54 unused Assets to reduce memory usage. Loaded Objects now: 2617.
Total: 1.972400 ms (FindLiveObjects: 0.219300 ms CreateObjectMapping: 0.058500 ms MarkObjects: 1.667400 ms  DeleteObjects: 0.026300 ms)

AssetImportParameters requested are different than current active one (requested -> active):
  custom:graphics/normal-map-encoding: 01000000000000000000000000000000 -> 02000000000000000000000000000000
========================================================================
Received Prepare
Refreshing native plugins compatible for Editor in 12.41 ms, found 1 plugins.
Preloading 0 native plugins for Editor in 0.00 ms.
Unloading 52 Unused Serialized files (Serialized files now loaded: 0)
System memory in use before: 53.1 MB.
System memory in use after: 53.3 MB.

Unloading 51 unused Assets to reduce memory usage. Loaded Objects now: 2617.
Total: 2.030300 ms (FindLiveObjects: 0.222400 ms CreateObjectMapping: 0.048900 ms MarkObjects: 1.730000 ms  DeleteObjects: 0.028300 ms)

========================================================================
Received Import Request.
  Time since last request: 8265.360322 seconds.
  path: Assets/Game/scripts/GPGSAuthenticator.cs
  artifactKey: Guid(73f740733adc4e744a713a81e8cac1cb) Importer(815301076,1909f56bfc062723c751e8b465ee728b)
Start importing Assets/Game/scripts/GPGSAuthenticator.cs using Guid(73f740733adc4e744a713a81e8cac1cb) Importer(815301076,1909f56bfc062723c751e8b465ee728b)  -> (artifact id: 'dc62b72a27996601ce7f1ea6e367dc00') in 0.035809 seconds
  Import took 0.078409 seconds .

========================================================================
Received Prepare
Registering precompiled user dll's ...
Registered in 0.004589 seconds.
Begin MonoManager ReloadAssembly
Native extension for WindowsStandalone target not found
Native extension for WebGL target not found
Refreshing native plugins compatible for Editor in 0.90 ms, found 1 plugins.
Preloading 0 native plugins for Editor in 0.00 ms.
Mono: successfully reloaded assembly
- Completed reload, in  0.995 seconds
Platform modules already initialized, skipping
Switching build target platform(5) subTarget(0) extendedPlatform(0) -> platform(13) subTarget(537395200) extendedPlatform(0)
Refreshing native plugins compatible for Editor in 0.75 ms, found 1 plugins.
Preloading 0 native plugins for Editor in 0.00 ms.
Unloading 2134 Unused Serialized files (Serialized files now loaded: 0)
System memory in use before: 94.2 MB.
System memory in use after: 94.3 MB.

Unloading 54 unused Assets to reduce memory usage. Loaded Objects now: 2620.
Total: 2.187900 ms (FindLiveObjects: 0.204800 ms CreateObjectMapping: 0.051200 ms MarkObjects: 1.897700 ms  DeleteObjects: 0.033300 ms)

AssetImportParameters requested are different than current active one (requested -> active):
  custom:graphics/normal-map-encoding: 01000000000000000000000000000000 -> 02000000000000000000000000000000
========================================================================
Received Import Request.
  Time since last request: 1003.932902 seconds.
  path: Assets/Game/scripts/GPGSAuthenticator.cs
  artifactKey: Guid(73f740733adc4e744a713a81e8cac1cb) Importer(815301076,1909f56bfc062723c751e8b465ee728b)
Start importing Assets/Game/scripts/GPGSAuthenticator.cs using Guid(73f740733adc4e744a713a81e8cac1cb) Importer(815301076,1909f56bfc062723c751e8b465ee728b)  -> (artifact id: '845f7788b02a8a8eca7014d0c1eb8c83') in 0.004791 seconds
  Import took 0.008298 seconds .

========================================================================
Received Prepare
Registering precompiled user dll's ...
Registered in 0.005290 seconds.
Begin MonoManager ReloadAssembly
Native extension for WindowsStandalone target not found
Native extension for WebGL target not found
Refreshing native plugins compatible for Editor in 1.23 ms, found 1 plugins.
Preloading 0 native plugins for Editor in 0.00 ms.
Mono: successfully reloaded assembly
- Completed reload, in  1.063 seconds
Platform modules already initialized, skipping
Switching build target platform(5) subTarget(0) extendedPlatform(0) -> platform(13) subTarget(537395200) extendedPlatform(0)
Refreshing native plugins compatible for Editor in 0.81 ms, found 1 plugins.
Preloading 0 native plugins for Editor in 0.00 ms.
Unloading 2141 Unused Serialized files (Serialized files now loaded: 0)
System memory in use before: 94.4 MB.
System memory in use after: 94.5 MB.

Unloading 56 unused Assets to reduce memory usage. Loaded Objects now: 2628.
Total: 1.956500 ms (FindLiveObjects: 0.226100 ms CreateObjectMapping: 0.050100 ms MarkObjects: 1.653600 ms  DeleteObjects: 0.025800 ms)

AssetImportParameters requested are different than current active one (requested -> active):
  custom:graphics/normal-map-encoding: 01000000000000000000000000000000 -> 02000000000000000000000000000000
========================================================================
Received Prepare
Registering precompiled user dll's ...
Registered in 0.004547 seconds.
Begin MonoManager ReloadAssembly
Native extension for WindowsStandalone target not found
Native extension for WebGL target not found
Refreshing native plugins compatible for Editor in 0.78 ms, found 1 plugins.
Preloading 0 native plugins for Editor in 0.00 ms.
Mono: successfully reloaded assembly
- Completed reload, in  0.900 seconds
Platform modules already initialized, skipping
Switching build target platform(5) subTarget(0) extendedPlatform(0) -> platform(13) subTarget(537395200) extendedPlatform(0)
Refreshing native plugins compatible for Editor in 0.74 ms, found 1 plugins.
Preloading 0 native plugins for Editor in 0.00 ms.
Unloading 2141 Unused Serialized files (Serialized files now loaded: 0)
System memory in use before: 94.4 MB.
System memory in use after: 94.5 MB.

Unloading 56 unused Assets to reduce memory usage. Loaded Objects now: 2631.
Total: 1.979900 ms (FindLiveObjects: 0.245200 ms CreateObjectMapping: 0.052000 ms MarkObjects: 1.656600 ms  DeleteObjects: 0.025300 ms)

AssetImportParameters requested are different than current active one (requested -> active):
  custom:graphics/normal-map-encoding: 01000000000000000000000000000000 -> 02000000000000000000000000000000
========================================================================
Received Prepare
Registering precompiled user dll's ...
Registered in 0.004683 seconds.
Begin MonoManager ReloadAssembly
Native extension for WindowsStandalone target not found
Native extension for WebGL target not found
Refreshing native plugins compatible for Editor in 0.79 ms, found 1 plugins.
Preloading 0 native plugins for Editor in 0.00 ms.
Mono: successfully reloaded assembly
- Completed reload, in  0.903 seconds
Platform modules already initialized, skipping
Switching build target platform(5) subTarget(0) extendedPlatform(0) -> platform(13) subTarget(537395200) extendedPlatform(0)
Refreshing native plugins compatible for Editor in 0.76 ms, found 1 plugins.
Preloading 0 native plugins for Editor in 0.00 ms.
Unloading 2141 Unused Serialized files (Serialized files now loaded: 0)
System memory in use before: 94.4 MB.
System memory in use after: 94.5 MB.

Unloading 56 unused Assets to reduce memory usage. Loaded Objects now: 2634.
Total: 1.844800 ms (FindLiveObjects: 0.217300 ms CreateObjectMapping: 0.050400 ms MarkObjects: 1.554300 ms  DeleteObjects: 0.022000 ms)

AssetImportParameters requested are different than current active one (requested -> active):
  custom:graphics/normal-map-encoding: 01000000000000000000000000000000 -> 02000000000000000000000000000000
========================================================================
Received Import Request.
  Time since last request: 699.576165 seconds.
  path: Assets/Game/scripts/GameManager.cs
  artifactKey: Guid(19620fbbb0c4d36419a7badc413db65f) Importer(815301076,1909f56bfc062723c751e8b465ee728b)
Start importing Assets/Game/scripts/GameManager.cs using Guid(19620fbbb0c4d36419a7badc413db65f) Importer(815301076,1909f56bfc062723c751e8b465ee728b)  -> (artifact id: 'e5f45d5a3d57c0bf93ed32d96fdf98b5') in 0.008951 seconds
  Import took 0.012765 seconds .

========================================================================
Received Import Request.
  Time since last request: 10.437665 seconds.
  path: Assets/Game/scripts/GPGSLeaderboard.cs
  artifactKey: Guid(825485a2e3df65245906664c3f500800) Importer(815301076,1909f56bfc062723c751e8b465ee728b)
Start importing Assets/Game/scripts/GPGSLeaderboard.cs using Guid(825485a2e3df65245906664c3f500800) Importer(815301076,1909f56bfc062723c751e8b465ee728b)  -> (artifact id: 'c73018b82c749ec8271279c6392523d7') in 0.005359 seconds
  Import took 0.009643 seconds .

========================================================================
Received Prepare
Registering precompiled user dll's ...
Registered in 0.004399 seconds.
Begin MonoManager ReloadAssembly
Native extension for WindowsStandalone target not found
Native extension for WebGL target not found
Refreshing native plugins compatible for Editor in 0.75 ms, found 1 plugins.
Preloading 0 native plugins for Editor in 0.00 ms.
Mono: successfully reloaded assembly
- Completed reload, in  0.892 seconds
Platform modules already initialized, skipping
Switching build target platform(5) subTarget(0) extendedPlatform(0) -> platform(13) subTarget(537395200) extendedPlatform(0)
Refreshing native plugins compatible for Editor in 0.77 ms, found 1 plugins.
Preloading 0 native plugins for Editor in 0.00 ms.
Unloading 2141 Unused Serialized files (Serialized files now loaded: 0)
System memory in use before: 94.4 MB.
System memory in use after: 94.6 MB.

Unloading 56 unused Assets to reduce memory usage. Loaded Objects now: 2637.
Total: 1.879900 ms (FindLiveObjects: 0.231900 ms CreateObjectMapping: 0.048600 ms MarkObjects: 1.576500 ms  DeleteObjects: 0.022000 ms)

AssetImportParameters requested are different than current active one (requested -> active):
  custom:graphics/normal-map-encoding: 01000000000000000000000000000000 -> 02000000000000000000000000000000
========================================================================
Received Import Request.
  Time since last request: 274.376189 seconds.
  path: Assets/Game/scripts/playerManager.cs
  artifactKey: Guid(e7a39d2341d4d644c82567e5d8d53852) Importer(815301076,1909f56bfc062723c751e8b465ee728b)
Start importing Assets/Game/scripts/playerManager.cs using Guid(e7a39d2341d4d644c82567e5d8d53852) Importer(815301076,1909f56bfc062723c751e8b465ee728b)  -> (artifact id: '139890ae3a4e655ddb441b9dc4d1b7dc') in 0.008323 seconds
  Import took 0.011825 seconds .

========================================================================
Received Import Request.
  Time since last request: 8.541367 seconds.
  path: Assets/Game/scripts/Enemy
  artifactKey: Guid(057738930a7e7384aa3c6fc79913b241) Importer(815301076,1909f56bfc062723c751e8b465ee728b)
Start importing Assets/Game/scripts/Enemy using Guid(057738930a7e7384aa3c6fc79913b241) Importer(815301076,1909f56bfc062723c751e8b465ee728b)  -> (artifact id: 'e438bbf288351d5494a81bb05f441b36') in 0.006183 seconds
  Import took 0.009920 seconds .

========================================================================
Received Import Request.
  Time since last request: 1.322523 seconds.
  path: Assets/Game/scripts/Enemy/boss.cs
  artifactKey: Guid(fb7fb194cd3da4945869e925815aff12) Importer(815301076,1909f56bfc062723c751e8b465ee728b)
Start importing Assets/Game/scripts/Enemy/boss.cs using Guid(fb7fb194cd3da4945869e925815aff12) Importer(815301076,1909f56bfc062723c751e8b465ee728b)  -> (artifact id: '3cc0382c4ed6cf5629d574b8d761405b') in 0.006806 seconds
  Import took 0.010972 seconds .

========================================================================
Received Import Request.
  Time since last request: 72.976784 seconds.
  path: Assets/Game/scripts/Enemy/DestroyShip.cs
  artifactKey: Guid(84a9d922255ef6b48933c0c5fe49e15f) Importer(815301076,1909f56bfc062723c751e8b465ee728b)
Start importing Assets/Game/scripts/Enemy/DestroyShip.cs using Guid(84a9d922255ef6b48933c0c5fe49e15f) Importer(815301076,1909f56bfc062723c751e8b465ee728b)  -> (artifact id: 'eb289f09eac43d0d3f5b09f00c8dcc70') in 0.005638 seconds
  Import took 0.009570 seconds .

========================================================================
Received Import Request.
  Time since last request: 0.528588 seconds.
  path: Assets/Game/scripts/Enemy/Enemy.cs
  artifactKey: Guid(f4b22a935f3790049b4c09244b6d6218) Importer(815301076,1909f56bfc062723c751e8b465ee728b)
Start importing Assets/Game/scripts/Enemy/Enemy.cs using Guid(f4b22a935f3790049b4c09244b6d6218) Importer(815301076,1909f56bfc062723c751e8b465ee728b)  -> (artifact id: 'bb377a9d8340c715b33491b955b1724a') in 0.002348 seconds
  Import took 0.006237 seconds .

========================================================================
Received Import Request.
  Time since last request: 0.000945 seconds.
  path: Assets/Game/scripts/Enemy/Enemy.cs
  artifactKey: Guid(f4b22a935f3790049b4c09244b6d6218) Importer(815301076,1909f56bfc062723c751e8b465ee728b)
Start importing Assets/Game/scripts/Enemy/Enemy.cs using Guid(f4b22a935f3790049b4c09244b6d6218) Importer(815301076,1909f56bfc062723c751e8b465ee728b)  -> (artifact id: 'bb377a9d8340c715b33491b955b1724a') in 0.001882 seconds
  Import took 0.004745 seconds .

========================================================================
Received Prepare
Refreshing native plugins compatible for Editor in 12.66 ms, found 1 plugins.
Preloading 0 native plugins for Editor in 0.00 ms.
Unloading 54 Unused Serialized files (Serialized files now loaded: 0)
System memory in use before: 53.3 MB.
System memory in use after: 53.4 MB.

Unloading 53 unused Assets to reduce memory usage. Loaded Objects now: 2637.
Total: 2.182500 ms (FindLiveObjects: 0.247400 ms CreateObjectMapping: 0.056800 ms MarkObjects: 1.851000 ms  DeleteObjects: 0.026000 ms)

========================================================================
Received Prepare
Refreshing native plugins compatible for Editor in 11.87 ms, found 1 plugins.
Preloading 0 native plugins for Editor in 0.00 ms.
Unloading 54 Unused Serialized files (Serialized files now loaded: 0)
System memory in use before: 53.3 MB.
System memory in use after: 53.4 MB.

Unloading 53 unused Assets to reduce memory usage. Loaded Objects now: 2637.
Total: 1.947200 ms (FindLiveObjects: 0.230800 ms CreateObjectMapping: 0.049200 ms MarkObjects: 1.641300 ms  DeleteObjects: 0.024800 ms)

========================================================================
Received Prepare
Refreshing native plugins compatible for Editor in 12.06 ms, found 1 plugins.
Preloading 0 native plugins for Editor in 0.00 ms.
Unloading 54 Unused Serialized files (Serialized files now loaded: 0)
System memory in use before: 53.3 MB.
System memory in use after: 53.4 MB.

Unloading 53 unused Assets to reduce memory usage. Loaded Objects now: 2637.
Total: 2.167900 ms (FindLiveObjects: 0.217100 ms CreateObjectMapping: 0.049900 ms MarkObjects: 1.876400 ms  DeleteObjects: 0.023600 ms)

========================================================================
Received Import Request.
  Time since last request: 928.015634 seconds.
  path: Assets/GooglePlayGames/Plugins/Android/GooglePlayGamesManifest.plugin/AndroidManifest.xml
  artifactKey: Guid(31d27075164d3f14b9221664c2b0f670) Importer(815301076,1909f56bfc062723c751e8b465ee728b)
Start importing Assets/GooglePlayGames/Plugins/Android/GooglePlayGamesManifest.plugin/AndroidManifest.xml using Guid(31d27075164d3f14b9221664c2b0f670) Importer(815301076,1909f56bfc062723c751e8b465ee728b)  -> (artifact id: '3146dc752f06531cc06c67c909de7417') in 0.028447 seconds
  Import took 0.032762 seconds .

========================================================================
Received Import Request.
  Time since last request: 131.961694 seconds.
  path: Assets/Game/scripts/ShareButton.cs
  artifactKey: Guid(cb4739d8d9295fd40a96dd253f0fafb0) Importer(815301076,1909f56bfc062723c751e8b465ee728b)
Start importing Assets/Game/scripts/ShareButton.cs using Guid(cb4739d8d9295fd40a96dd253f0fafb0) Importer(815301076,1909f56bfc062723c751e8b465ee728b)  -> (artifact id: 'c953249b3b49e65307afc1811a914cac') in 0.008122 seconds
  Import took 0.013622 seconds .

========================================================================
Received Import Request.
  Time since last request: 0.003328 seconds.
  path: Assets/Game/scripts/ShareButton.cs
  artifactKey: Guid(cb4739d8d9295fd40a96dd253f0fafb0) Importer(815301076,1909f56bfc062723c751e8b465ee728b)
Start importing Assets/Game/scripts/ShareButton.cs using Guid(cb4739d8d9295fd40a96dd253f0fafb0) Importer(815301076,1909f56bfc062723c751e8b465ee728b)  -> (artifact id: 'c953249b3b49e65307afc1811a914cac') in 0.002020 seconds
  Import took 0.005485 seconds .

========================================================================
Received Prepare
Registering precompiled user dll's ...
Registered in 0.004478 seconds.
Begin MonoManager ReloadAssembly
Native extension for WindowsStandalone target not found
Native extension for WebGL target not found
Refreshing native plugins compatible for Editor in 0.79 ms, found 1 plugins.
Preloading 0 native plugins for Editor in 0.00 ms.
Mono: successfully reloaded assembly
- Completed reload, in  1.007 seconds
Platform modules already initialized, skipping
Switching build target platform(5) subTarget(0) extendedPlatform(0) -> platform(13) subTarget(537395200) extendedPlatform(0)
Refreshing native plugins compatible for Editor in 0.78 ms, found 1 plugins.
Preloading 0 native plugins for Editor in 0.00 ms.
Unloading 2142 Unused Serialized files (Serialized files now loaded: 0)
System memory in use before: 94.5 MB.
System memory in use after: 94.6 MB.

Unloading 56 unused Assets to reduce memory usage. Loaded Objects now: 2641.
Total: 1.856300 ms (FindLiveObjects: 0.207900 ms CreateObjectMapping: 0.048300 ms MarkObjects: 1.567100 ms  DeleteObjects: 0.032300 ms)

AssetImportParameters requested are different than current active one (requested -> active):
  custom:graphics/normal-map-encoding: 01000000000000000000000000000000 -> 02000000000000000000000000000000
========================================================================
Received Prepare
Registering precompiled user dll's ...
Registered in 0.279067 seconds.
Begin MonoManager ReloadAssembly
Native extension for WindowsStandalone target not found
Native extension for WebGL target not found
Refreshing native plugins compatible for Editor in 0.75 ms, found 1 plugins.
Preloading 0 native plugins for Editor in 0.00 ms.
Mono: successfully reloaded assembly
- Completed reload, in  1.029 seconds
Platform modules already initialized, skipping
Switching build target platform(5) subTarget(0) extendedPlatform(0) -> platform(13) subTarget(537395200) extendedPlatform(0)
Refreshing native plugins compatible for Editor in 0.76 ms, found 1 plugins.
Preloading 0 native plugins for Editor in 0.00 ms.
Unloading 2142 Unused Serialized files (Serialized files now loaded: 0)
System memory in use before: 94.5 MB.
System memory in use after: 94.6 MB.

Unloading 56 unused Assets to reduce memory usage. Loaded Objects now: 2644.
Total: 1.831800 ms (FindLiveObjects: 0.226700 ms CreateObjectMapping: 0.049200 ms MarkObjects: 1.533400 ms  DeleteObjects: 0.021900 ms)

AssetImportParameters requested are different than current active one (requested -> active):
  custom:graphics/normal-map-encoding: 01000000000000000000000000000000 -> 02000000000000000000000000000000
========================================================================
Received Import Request.
  Time since last request: 505.584701 seconds.
  path: Assets/Game/scripts/ShareButton.cs
  artifactKey: Guid(cb4739d8d9295fd40a96dd253f0fafb0) Importer(815301076,1909f56bfc062723c751e8b465ee728b)
Start importing Assets/Game/scripts/ShareButton.cs using Guid(cb4739d8d9295fd40a96dd253f0fafb0) Importer(815301076,1909f56bfc062723c751e8b465ee728b)  -> (artifact id: '6824198d73070fa2ee1048bdd93f774c') in 0.008527 seconds
  Import took 0.012579 seconds .

========================================================================
Received Prepare
Registering precompiled user dll's ...
Registered in 0.004834 seconds.
Begin MonoManager ReloadAssembly
Native extension for WindowsStandalone target not found
Native extension for WebGL target not found
Refreshing native plugins compatible for Editor in 0.81 ms, found 1 plugins.
Preloading 0 native plugins for Editor in 0.00 ms.
Mono: successfully reloaded assembly
- Completed reload, in  0.963 seconds
Platform modules already initialized, skipping
Switching build target platform(5) subTarget(0) extendedPlatform(0) -> platform(13) subTarget(537395200) extendedPlatform(0)
Refreshing native plugins compatible for Editor in 0.89 ms, found 1 plugins.
Preloading 0 native plugins for Editor in 0.00 ms.
Unloading 2142 Unused Serialized files (Serialized files now loaded: 0)
System memory in use before: 94.5 MB.
System memory in use after: 94.6 MB.

Unloading 56 unused Assets to reduce memory usage. Loaded Objects now: 2647.
Total: 1.956300 ms (FindLiveObjects: 0.271600 ms CreateObjectMapping: 0.051800 ms MarkObjects: 1.606600 ms  DeleteObjects: 0.025100 ms)

AssetImportParameters requested are different than current active one (requested -> active):
  custom:graphics/normal-map-encoding: 01000000000000000000000000000000 -> 02000000000000000000000000000000
========================================================================
Received Prepare
Refreshing native plugins compatible for Editor in 12.22 ms, found 1 plugins.
Preloading 0 native plugins for Editor in 0.00 ms.
Unloading 54 Unused Serialized files (Serialized files now loaded: 0)
System memory in use before: 53.3 MB.
System memory in use after: 53.4 MB.

Unloading 53 unused Assets to reduce memory usage. Loaded Objects now: 2647.
Total: 2.030100 ms (FindLiveObjects: 0.249400 ms CreateObjectMapping: 0.049500 ms MarkObjects: 1.698400 ms  DeleteObjects: 0.031800 ms)

========================================================================
Received Prepare
Refreshing native plugins compatible for Editor in 12.56 ms, found 1 plugins.
Preloading 0 native plugins for Editor in 0.00 ms.
Unloading 54 Unused Serialized files (Serialized files now loaded: 0)
System memory in use before: 53.3 MB.
System memory in use after: 53.4 MB.

Unloading 53 unused Assets to reduce memory usage. Loaded Objects now: 2647.
Total: 2.152300 ms (FindLiveObjects: 0.233700 ms CreateObjectMapping: 0.052600 ms MarkObjects: 1.841600 ms  DeleteObjects: 0.022500 ms)

========================================================================
Received Prepare
Registering precompiled user dll's ...
Registered in 0.004329 seconds.
Begin MonoManager ReloadAssembly
Native extension for WindowsStandalone target not found
Native extension for WebGL target not found
Refreshing native plugins compatible for Editor in 0.81 ms, found 1 plugins.
Preloading 0 native plugins for Editor in 0.00 ms.
Mono: successfully reloaded assembly
- Completed reload, in  0.956 seconds
Platform modules already initialized, skipping
Switching build target platform(5) subTarget(0) extendedPlatform(0) -> platform(13) subTarget(537395200) extendedPlatform(0)
Refreshing native plugins compatible for Editor in 0.76 ms, found 1 plugins.
Preloading 0 native plugins for Editor in 0.00 ms.
Unloading 2142 Unused Serialized files (Serialized files now loaded: 0)
System memory in use before: 94.5 MB.
System memory in use after: 94.6 MB.

Unloading 56 unused Assets to reduce memory usage. Loaded Objects now: 2650.
Total: 1.925000 ms (FindLiveObjects: 0.214000 ms CreateObjectMapping: 0.050000 ms MarkObjects: 1.636100 ms  DeleteObjects: 0.024100 ms)

AssetImportParameters requested are different than current active one (requested -> active):
  custom:graphics/normal-map-encoding: 01000000000000000000000000000000 -> 02000000000000000000000000000000
========================================================================
Received Import Request.
  Time since last request: 399.068755 seconds.
  path: Assets/Game/scripts/GameManager.cs
  artifactKey: Guid(19620fbbb0c4d36419a7badc413db65f) Importer(815301076,1909f56bfc062723c751e8b465ee728b)
Start importing Assets/Game/scripts/GameManager.cs using Guid(19620fbbb0c4d36419a7badc413db65f) Importer(815301076,1909f56bfc062723c751e8b465ee728b)  -> (artifact id: '3276d9229dd8b5b9419fbb8280f859ad') in 0.008667 seconds
  Import took 0.012688 seconds .

========================================================================
Received Prepare
Refreshing native plugins compatible for Editor in 12.14 ms, found 1 plugins.
Preloading 0 native plugins for Editor in 0.00 ms.
Unloading 54 Unused Serialized files (Serialized files now loaded: 0)
System memory in use before: 53.3 MB.
System memory in use after: 53.4 MB.

Unloading 53 unused Assets to reduce memory usage. Loaded Objects now: 2650.
Total: 2.036200 ms (FindLiveObjects: 0.239000 ms CreateObjectMapping: 0.053900 ms MarkObjects: 1.717700 ms  DeleteObjects: 0.024500 ms)

AssetImportWorkerClient::OnTransportError - code=2 error=End of file
